c:\users\gliniak\source\repos\project1\project1\debug\vc141.pdb
c:\users\gliniak\source\repos\project1\project1\debug\vc141.idb
c:\users\gliniak\source\repos\project1\project1\debug\square.obj
c:\users\gliniak\source\repos\project1\project1\debug\player.obj
c:\users\gliniak\source\repos\project1\project1\debug\piece.obj
c:\users\gliniak\source\repos\project1\project1\debug\monopolygame.obj
c:\users\gliniak\source\repos\project1\project1\debug\main.obj
c:\users\gliniak\source\repos\project1\project1\debug\die.obj
c:\users\gliniak\source\repos\project1\project1\debug\board.obj
c:\users\gliniak\source\repos\project1\project1\debug\startsquare.obj
c:\users\gliniak\source\repos\project1\project1\debug\penaltysquare.obj
c:\users\gliniak\source\repos\project1\project1\debug\depositsquare.obj
c:\users\gliniak\source\repos\project1\project1\debug\bonussquare.obj
c:\users\gliniak\source\repos\project1\debug\project1.exe
c:\users\gliniak\source\repos\project1\debug\project1.ilk
c:\users\gliniak\source\repos\project1\debug\project1.pdb
c:\users\gliniak\source\repos\project1\project1\debug\project1.tlog\cl.command.1.tlog
c:\users\gliniak\source\repos\project1\project1\debug\project1.tlog\cl.read.1.tlog
c:\users\gliniak\source\repos\project1\project1\debug\project1.tlog\cl.write.1.tlog
c:\users\gliniak\source\repos\project1\project1\debug\project1.tlog\link.command.1.tlog
c:\users\gliniak\source\repos\project1\project1\debug\project1.tlog\link.read.1.tlog
c:\users\gliniak\source\repos\project1\project1\debug\project1.tlog\link.write.1.tlog
