  Board.cpp
c:\program files (x86)\microsoft visual studio\2017\community\vc\tools\msvc\14.16.27023\include\xmemory0(881): error C2280: 'std::unique_ptr<ISquare,std::default_delete<_Ty>>::unique_ptr(const std::unique_ptr<_Ty,std::default_delete<_Ty>> &)': attempting to reference a deleted function
          with
          [
              _Ty=ISquare
          ]
  c:\program files (x86)\microsoft visual studio\2017\community\vc\tools\msvc\14.16.27023\include\memory(2337): note: see declaration of 'std::unique_ptr<ISquare,std::default_delete<_Ty>>::unique_ptr'
          with
          [
              _Ty=ISquare
          ]
  c:\program files (x86)\microsoft visual studio\2017\community\vc\tools\msvc\14.16.27023\include\memory(2337): note: 'std::unique_ptr<ISquare,std::default_delete<_Ty>>::unique_ptr(const std::unique_ptr<_Ty,std::default_delete<_Ty>> &)': function was explicitly deleted
          with
          [
              _Ty=ISquare
          ]
  c:\program files (x86)\microsoft visual studio\2017\community\vc\tools\msvc\14.16.27023\include\xmemory(163): note: see reference to function template instantiation 'void std::_Default_allocator_traits<_Alloc>::construct<_Ty,_Ty&>(_Alloc &,_Objty *const ,_Ty &)' being compiled
          with
          [
              _Alloc=std::allocator<std::unique_ptr<ISquare,std::default_delete<ISquare>>>,
              _Ty=std::unique_ptr<ISquare,std::default_delete<ISquare>>,
              _Objty=std::unique_ptr<ISquare,std::default_delete<ISquare>>
          ]
  c:\program files (x86)\microsoft visual studio\2017\community\vc\tools\msvc\14.16.27023\include\xmemory(164): note: see reference to function template instantiation 'void std::_Default_allocator_traits<_Alloc>::construct<_Ty,_Ty&>(_Alloc &,_Objty *const ,_Ty &)' being compiled
          with
          [
              _Alloc=std::allocator<std::unique_ptr<ISquare,std::default_delete<ISquare>>>,
              _Ty=std::unique_ptr<ISquare,std::default_delete<ISquare>>,
              _Objty=std::unique_ptr<ISquare,std::default_delete<ISquare>>
          ]
  c:\program files (x86)\microsoft visual studio\2017\community\vc\tools\msvc\14.16.27023\include\xmemory(190): note: see reference to function template instantiation 'void std::_Uninitialized_backout_al<_FwdIt,_Alloc>::_Emplace_back<_Ty&>(_Ty &)' being compiled
          with
          [
              _FwdIt=std::unique_ptr<ISquare,std::default_delete<ISquare>> *,
              _Alloc=std::allocator<std::unique_ptr<ISquare,std::default_delete<ISquare>>>,
              _Ty=std::unique_ptr<ISquare,std::default_delete<ISquare>>
          ]
  c:\program files (x86)\microsoft visual studio\2017\community\vc\tools\msvc\14.16.27023\include\xmemory(190): note: see reference to function template instantiation 'void std::_Uninitialized_backout_al<_FwdIt,_Alloc>::_Emplace_back<_Ty&>(_Ty &)' being compiled
          with
          [
              _FwdIt=std::unique_ptr<ISquare,std::default_delete<ISquare>> *,
              _Alloc=std::allocator<std::unique_ptr<ISquare,std::default_delete<ISquare>>>,
              _Ty=std::unique_ptr<ISquare,std::default_delete<ISquare>>
          ]
  c:\program files (x86)\microsoft visual studio\2017\community\vc\tools\msvc\14.16.27023\include\xmemory(217): note: see reference to function template instantiation '_FwdIt std::_Uninitialized_copy_al_unchecked<_Ty*,_Ty*,_Alloc>(_InIt,const _InIt,const _FwdIt,_Alloc &,std::_General_ptr_iterator_tag,std::_Any_tag)' being compiled
          with
          [
              _FwdIt=std::unique_ptr<ISquare,std::default_delete<ISquare>> *,
              _Ty=std::unique_ptr<ISquare,std::default_delete<ISquare>>,
              _Alloc=std::allocator<std::unique_ptr<ISquare,std::default_delete<ISquare>>>,
              _InIt=const std::unique_ptr<ISquare,std::default_delete<ISquare>> *
          ]
  c:\program files (x86)\microsoft visual studio\2017\community\vc\tools\msvc\14.16.27023\include\vector(1823): note: see reference to function template instantiation '_FwdIt *std::_Uninitialized_copy<_Iter,std::unique_ptr<ISquare,std::default_delete<_Ty>>*,std::allocator<std::unique_ptr<_Ty,std::default_delete<_Ty>>>>(const _InIt,const _InIt,_FwdIt,_Alloc &)' being compiled
          with
          [
              _FwdIt=std::unique_ptr<ISquare,std::default_delete<ISquare>> *,
              _Iter=const std::unique_ptr<ISquare,std::default_delete<ISquare>> *,
              _Ty=ISquare,
              _InIt=const std::unique_ptr<ISquare,std::default_delete<ISquare>> *,
              _Alloc=std::allocator<std::unique_ptr<ISquare,std::default_delete<ISquare>>>
          ]
  c:\program files (x86)\microsoft visual studio\2017\community\vc\tools\msvc\14.16.27023\include\vector(708): note: see reference to function template instantiation 'std::unique_ptr<ISquare,std::default_delete<_Ty>> *std::vector<std::unique_ptr<_Ty,std::default_delete<_Ty>>,std::allocator<std::unique_ptr<_Ty,std::default_delete<_Ty>>>>::_Ucopy<_Iter>(_Iter,_Iter,std::unique_ptr<_Ty,std::default_delete<_Ty>> *)' being compiled
          with
          [
              _Ty=ISquare,
              _Iter=const std::unique_ptr<ISquare,std::default_delete<ISquare>> *
          ]
  c:\program files (x86)\microsoft visual studio\2017\community\vc\tools\msvc\14.16.27023\include\vector(708): note: see reference to function template instantiation 'std::unique_ptr<ISquare,std::default_delete<_Ty>> *std::vector<std::unique_ptr<_Ty,std::default_delete<_Ty>>,std::allocator<std::unique_ptr<_Ty,std::default_delete<_Ty>>>>::_Ucopy<_Iter>(_Iter,_Iter,std::unique_ptr<_Ty,std::default_delete<_Ty>> *)' being compiled
          with
          [
              _Ty=ISquare,
              _Iter=const std::unique_ptr<ISquare,std::default_delete<ISquare>> *
          ]
  c:\program files (x86)\microsoft visual studio\2017\community\vc\tools\msvc\14.16.27023\include\vector(729): note: see reference to function template instantiation 'void std::vector<std::unique_ptr<ISquare,std::default_delete<_Ty>>,std::allocator<std::unique_ptr<_Ty,std::default_delete<_Ty>>>>::_Range_construct_or_tidy<const _Elem*>(_Iter,_Iter,std::forward_iterator_tag)' being compiled
          with
          [
              _Ty=ISquare,
              _Elem=std::unique_ptr<ISquare,std::default_delete<ISquare>>,
              _Iter=const std::unique_ptr<ISquare,std::default_delete<ISquare>> *
          ]
  c:\program files (x86)\microsoft visual studio\2017\community\vc\tools\msvc\14.16.27023\include\vector(729): note: see reference to function template instantiation 'void std::vector<std::unique_ptr<ISquare,std::default_delete<_Ty>>,std::allocator<std::unique_ptr<_Ty,std::default_delete<_Ty>>>>::_Range_construct_or_tidy<const _Elem*>(_Iter,_Iter,std::forward_iterator_tag)' being compiled
          with
          [
              _Ty=ISquare,
              _Elem=std::unique_ptr<ISquare,std::default_delete<ISquare>>,
              _Iter=const std::unique_ptr<ISquare,std::default_delete<ISquare>> *
          ]
  c:\program files (x86)\microsoft visual studio\2017\community\vc\tools\msvc\14.16.27023\include\vector(726): note: while compiling class template member function 'std::vector<std::unique_ptr<ISquare,std::default_delete<_Ty>>,std::allocator<std::unique_ptr<_Ty,std::default_delete<_Ty>>>>::vector(std::initializer_list<std::unique_ptr<_Ty,std::default_delete<_Ty>>>,const _Alloc &)'
          with
          [
              _Ty=ISquare,
              _Alloc=std::allocator<std::unique_ptr<ISquare,std::default_delete<ISquare>>>
          ]
  c:\users\gliniak\source\repos\project1\project1\board.h(18): note: see reference to function template instantiation 'std::vector<std::unique_ptr<ISquare,std::default_delete<_Ty>>,std::allocator<std::unique_ptr<_Ty,std::default_delete<_Ty>>>>::vector(std::initializer_list<std::unique_ptr<_Ty,std::default_delete<_Ty>>>,const _Alloc &)' being compiled
          with
          [
              _Ty=ISquare,
              _Alloc=std::allocator<std::unique_ptr<ISquare,std::default_delete<ISquare>>>
          ]
  c:\users\gliniak\source\repos\project1\project1\board.h(36): note: see reference to class template instantiation 'std::vector<std::unique_ptr<ISquare,std::default_delete<_Ty>>,std::allocator<std::unique_ptr<_Ty,std::default_delete<_Ty>>>>' being compiled
          with
          [
              _Ty=ISquare
          ]
  BonusSquare.cpp
c:\program files (x86)\microsoft visual studio\2017\community\vc\tools\msvc\14.16.27023\include\memory(2539): error C2664: 'StartSquare::StartSquare(const StartSquare &)': cannot convert argument 1 from '_Ty' to 'int'
          with
          [
              _Ty=ISquare *
          ]
  c:\program files (x86)\microsoft visual studio\2017\community\vc\tools\msvc\14.16.27023\include\memory(2538): note: There is no context in which this conversion is possible
  c:\users\gliniak\source\repos\project1\project1\piece.h(13): note: see reference to function template instantiation 'std::unique_ptr<StartSquare,std::default_delete<_Ty>> std::make_unique<StartSquare,ISquare*,0>(ISquare *&&)' being compiled
          with
          [
              _Ty=StartSquare
          ]
  DepositSquare.cpp
c:\program files (x86)\microsoft visual studio\2017\community\vc\tools\msvc\14.16.27023\include\memory(2539): error C2664: 'StartSquare::StartSquare(const StartSquare &)': cannot convert argument 1 from '_Ty' to 'int'
          with
          [
              _Ty=ISquare *
          ]
  c:\program files (x86)\microsoft visual studio\2017\community\vc\tools\msvc\14.16.27023\include\memory(2538): note: There is no context in which this conversion is possible
  c:\users\gliniak\source\repos\project1\project1\piece.h(13): note: see reference to function template instantiation 'std::unique_ptr<StartSquare,std::default_delete<_Ty>> std::make_unique<StartSquare,ISquare*,0>(ISquare *&&)' being compiled
          with
          [
              _Ty=StartSquare
          ]
  main.cpp
c:\program files (x86)\microsoft visual studio\2017\community\vc\tools\msvc\14.16.27023\include\memory(2539): error C2664: 'StartSquare::StartSquare(const StartSquare &)': cannot convert argument 1 from '_Ty' to 'int'
          with
          [
              _Ty=ISquare *
          ]
  c:\program files (x86)\microsoft visual studio\2017\community\vc\tools\msvc\14.16.27023\include\memory(2538): note: There is no context in which this conversion is possible
  c:\users\gliniak\source\repos\project1\project1\piece.h(13): note: see reference to function template instantiation 'std::unique_ptr<StartSquare,std::default_delete<_Ty>> std::make_unique<StartSquare,ISquare*,0>(ISquare *&&)' being compiled
          with
          [
              _Ty=StartSquare
          ]
  MonopolyGame.cpp
c:\program files (x86)\microsoft visual studio\2017\community\vc\tools\msvc\14.16.27023\include\memory(2539): error C2664: 'StartSquare::StartSquare(const StartSquare &)': cannot convert argument 1 from '_Ty' to 'int'
          with
          [
              _Ty=ISquare *
          ]
  c:\program files (x86)\microsoft visual studio\2017\community\vc\tools\msvc\14.16.27023\include\memory(2538): note: There is no context in which this conversion is possible
  c:\users\gliniak\source\repos\project1\project1\piece.h(13): note: see reference to function template instantiation 'std::unique_ptr<StartSquare,std::default_delete<_Ty>> std::make_unique<StartSquare,ISquare*,0>(ISquare *&&)' being compiled
          with
          [
              _Ty=StartSquare
          ]
  PenaltySquare.cpp
c:\program files (x86)\microsoft visual studio\2017\community\vc\tools\msvc\14.16.27023\include\memory(2539): error C2664: 'StartSquare::StartSquare(const StartSquare &)': cannot convert argument 1 from '_Ty' to 'int'
          with
          [
              _Ty=ISquare *
          ]
  c:\program files (x86)\microsoft visual studio\2017\community\vc\tools\msvc\14.16.27023\include\memory(2538): note: There is no context in which this conversion is possible
  c:\users\gliniak\source\repos\project1\project1\piece.h(13): note: see reference to function template instantiation 'std::unique_ptr<StartSquare,std::default_delete<_Ty>> std::make_unique<StartSquare,ISquare*,0>(ISquare *&&)' being compiled
          with
          [
              _Ty=StartSquare
          ]
  Piece.cpp
c:\program files (x86)\microsoft visual studio\2017\community\vc\tools\msvc\14.16.27023\include\memory(2539): error C2664: 'StartSquare::StartSquare(const StartSquare &)': cannot convert argument 1 from '_Ty' to 'int'
          with
          [
              _Ty=ISquare *
          ]
  c:\program files (x86)\microsoft visual studio\2017\community\vc\tools\msvc\14.16.27023\include\memory(2538): note: There is no context in which this conversion is possible
  c:\users\gliniak\source\repos\project1\project1\piece.h(13): note: see reference to function template instantiation 'std::unique_ptr<StartSquare,std::default_delete<_Ty>> std::make_unique<StartSquare,ISquare*,0>(ISquare *&&)' being compiled
          with
          [
              _Ty=StartSquare
          ]
  Player.cpp
c:\program files (x86)\microsoft visual studio\2017\community\vc\tools\msvc\14.16.27023\include\memory(2539): error C2664: 'StartSquare::StartSquare(const StartSquare &)': cannot convert argument 1 from '_Ty' to 'int'
          with
          [
              _Ty=ISquare *
          ]
  c:\program files (x86)\microsoft visual studio\2017\community\vc\tools\msvc\14.16.27023\include\memory(2538): note: There is no context in which this conversion is possible
  c:\users\gliniak\source\repos\project1\project1\piece.h(13): note: see reference to function template instantiation 'std::unique_ptr<StartSquare,std::default_delete<_Ty>> std::make_unique<StartSquare,ISquare*,0>(ISquare *&&)' being compiled
          with
          [
              _Ty=StartSquare
          ]
  StartSquare.cpp
c:\program files (x86)\microsoft visual studio\2017\community\vc\tools\msvc\14.16.27023\include\memory(2539): error C2664: 'StartSquare::StartSquare(const StartSquare &)': cannot convert argument 1 from '_Ty' to 'int'
          with
          [
              _Ty=ISquare *
          ]
  c:\program files (x86)\microsoft visual studio\2017\community\vc\tools\msvc\14.16.27023\include\memory(2538): note: There is no context in which this conversion is possible
  c:\users\gliniak\source\repos\project1\project1\piece.h(13): note: see reference to function template instantiation 'std::unique_ptr<StartSquare,std::default_delete<_Ty>> std::make_unique<StartSquare,ISquare*,0>(ISquare *&&)' being compiled
          with
          [
              _Ty=StartSquare
          ]
  Generating Code...
